<?xml version="1.0" encoding="UTF-8" ?>
<testsuite tests="15" failures="0" name="step_definitions.RunCukesTest" time="0.706" errors="0" skipped="0">
  <properties>
[...]
</properties>
  <testcase classname="Scenario: Add to Cart" name="Given User open the website sauce demo" time="0.001"/>
  <testcase classname="Scenario: Add to Cart" name="When User input &quot;standard_user&quot; as userName and input &quot;secret_sauce&quot; as password" time="0.001"/>
  <testcase classname="Scenario: Add to Cart" name="Then User already in landing page" time="0"/>
  <testcase classname="Scenario: Add to Cart" name="And User sort product list by name z to a" time="0"/>
  <testcase classname="Scenario: Add to Cart" name="And User pick item Sauce Labs Onesie" time="0"/>
  <testcase classname="Scenario: Add to Cart" name="And User pick item Test.allTheThings T-Shirt Red" time="0"/>
  <testcase classname="Scenario: Add to Cart" name="And User click cart" time="0"/>
  <testcase classname="Scenario: Add to Cart" name="Then Verify item is added" time="0"/>
  <testcase classname="Scenario: Add to Cart" name="And User remove item Test.allTheThings T-Shirt Red" time="0"/>
  <testcase classname="Scenario: Add to Cart" name="And User click Checkout button on Cart Page" time="0"/>
  <testcase classname="Scenario: Add to Cart" name="When User input &quot;Kamisato&quot; as firstName and input &quot;Ayato&quot; as lastName and input &quot;333999&quot; as zipCode" time="0"/>
  <testcase classname="Scenario: Add to Cart" name="Then System showing summary of payment" time="0"/>
  <testcase classname="Scenario: Add to Cart" name="And User click finish button" time="0"/>
  <testcase classname="Scenario: Add to Cart" name="Then System showing messages &quot;THANK YOU FOR YOUR ORDER&quot;" time="0"/>
  <testcase classname="Scenario: Add to Cart" name="Scenario: Add to Cart" time="0.704"/>
</testsuite>